2019-03-25 21:38:02.271 INFO  6480 [           main] [com.jeesite.modules.Application        ] - Starting Application on DESKTOP-GT79B2R with PID 6480 (C:\Users\17129\git\HaoLangZhongProject\HaoLangZhong\src\main\webapp\WEB-INF\classes started by 123 in C:\Users\17129\git\HaoLangZhongProject\HaoLangZhong)
2019-03-25 21:38:02.274 DEBUG 6480 [           main] [com.jeesite.modules.Application        ] - Running with Spring Boot v2.0.6.RELEASE, Spring v5.0.10.RELEASE
2019-03-25 21:38:02.275 INFO  6480 [           main] [com.jeesite.modules.Application        ] - The following profiles are active: default
2019-03-25 21:38:10.273 INFO  6480 [           main] [com.jeesite.common.config.Global       ] - Config files: [classpath:config/jeesite-core.yml, classpath:config/application.yml]
2019-03-25 21:38:10.282 INFO  6480 [           main] [com.jeesite.common.config.Global       ] - Spring cache cluster mode: false, session manager name: J1CacheSession
2019-03-25 21:38:12.915 INFO  6480 [           main] [com.jeesite.common.config.Global       ] - user.home: C:/Users/17129
2019-03-25 21:38:12.916 INFO  6480 [           main] [com.jeesite.common.config.Global       ] - user.dir: C:/Users/17129/git/HaoLangZhongProject/HaoLangZhong
2019-03-25 21:38:12.916 INFO  6480 [           main] [com.jeesite.common.config.Global       ] - logPath: C:/Users/17129/git/HaoLangZhongProject/HaoLangZhong/src/main/webapp/WEB-INF/classes

   _____        ___  _   _           ___
  |_   _|      / __'(_)_| |_        /   |
  _ | | __  __ \___ | |_   _| __   / /| |
 ( .| |/__\/__\ ___)| | | |_ /__\ / /_| |_
  \___|\__.\__.|____|_| \___)\__.(____   _|  :: JeeSite V4.1.3 :: 
======================================|_|==========================

    欢迎使用 JeeSite Demo V4.1

    您当前的版本为社区版，官方网站：http://jeesite.com

    机器码是：dd5029af6acfc9b2b00d31addae6277a
    产品名称：JeeSite Demo
    公司名称：ThinkGem

===================================================================

2019-03-25 21:38:15.459 INFO  6480 [           main] [o.s.b.w.embedded.tomcat.TomcatWebServer] - Tomcat initialized with port(s): 8980 (http)
2019-03-25 21:38:16.367 DEBUG 6480 [           main] [com.jeesite.common.config.Global       ] - Update C:\Users\17129\git\HaoLangZhongProject\HaoLangZhong\src\main\webapp\WEB-INF\classes\config\application.yml jdbc.password encryption success.
2019-03-25 21:38:16.675 DEBUG 6480 [           main] [c.j.common.datasource.RoutingDataSource] - Set default target data source success.
2019-03-25 21:38:23.668 DEBUG 6480 [           main] [com.jeesite.common.beetl.BeetlUtils    ] - Beetl config files: [classpath:/config/beetl-core.properties, classpath:/config/beetl.properties]
2019-03-25 21:38:24.065 DEBUG 6480 [           main] [c.j.c.m.m.provider.SelectSqlProvider   ] - 1毫秒: SELECT a.status AS "status", a.create_by AS "createBy", a.create_date AS "createDate", a.update_by AS "updateBy", a.update_date AS "updateDate", a.remarks AS "remarks", a.module_code AS "moduleCode", a.module_name AS "moduleName", a.description AS "description", a.main_class_name AS "mainClassName", a.current_version AS "currentVersion", a.upgrade_info AS "upgradeInfo" FROM js_sys_module a WHERE a.status = #{sqlMap.where#status#EQ1} ORDER BY a.update_date DESC
2019-03-25 21:38:24.096 DEBUG 6480 [           main] [o.m.s.t.SpringManagedTransaction       ] - JDBC Connection [com.alibaba.druid.proxy.jdbc.ConnectionProxyImpl@2f97e3de] will not be managed by Spring
2019-03-25 21:38:24.116 DEBUG 6480 [           main] [c.j.modules.sys.dao.ModuleDao.findList ] - ==>  Preparing: SELECT a.status AS "status", a.create_by AS "createBy", a.create_date AS "createDate", a.update_by AS "updateBy", a.update_date AS "updateDate", a.remarks AS "remarks", a.module_code AS "moduleCode", a.module_name AS "moduleName", a.description AS "description", a.main_class_name AS "mainClassName", a.current_version AS "currentVersion", a.upgrade_info AS "upgradeInfo" FROM js_sys_module a WHERE a.status = ? ORDER BY a.update_date DESC 
2019-03-25 21:38:24.152 DEBUG 6480 [           main] [c.j.modules.sys.dao.ModuleDao.findList ] - ==> Parameters: 0(String)
2019-03-25 21:38:24.184 DEBUG 6480 [           main] [c.j.modules.sys.dao.ModuleDao.findList ] - <==      Total: 2
2019-03-25 21:38:24.314 DEBUG 6480 [           main] [c.j.c.m.m.provider.SelectSqlProvider   ] - 1毫秒: SELECT a.corp_code AS "corpCode", a.corp_name AS "corpName", a.status AS "status", a.create_by AS "createBy", a.create_date AS "createDate", a.update_by AS "updateBy", a.update_date AS "updateDate", a.remarks AS "remarks", a.user_code AS "userCode", a.login_code AS "loginCode", a.user_name AS "userName", a.password AS "password", a.email AS "email", a.mobile AS "mobile", a.phone AS "phone", a.sex AS "sex", a.avatar AS "avatar", a.sign AS "sign", a.wx_openid AS "wxOpenid", a.mobile_imei AS "mobileImei", a.user_type AS "userType", a.ref_code AS "refCode", a.ref_name AS "refName", a.mgr_type AS "mgrType", a.pwd_security_level AS "pwdSecurityLevel", a.pwd_update_date AS "pwdUpdateDate", a.pwd_update_record AS "pwdUpdateRecord", a.pwd_question AS "pwdQuestion", a.pwd_question_answer AS "pwdQuestionAnswer", a.pwd_question_2 AS "pwdQuestion2", a.pwd_question_answer_2 AS "pwdQuestionAnswer2", a.pwd_question_3 AS "pwdQuestion3", a.pwd_question_answer_3 AS "pwdQuestionAnswer3", a.pwd_quest_update_date AS "pwdQuestUpdateDate", a.last_login_ip AS "lastLoginIp", a.last_login_date AS "lastLoginDate", a.freeze_date AS "freezeDate", a.freeze_cause AS "freezeCause", a.user_weight AS "userWeight", a.extend_s1 AS "extend.extendS1", a.extend_s2 AS "extend.extendS2", a.extend_s3 AS "extend.extendS3", a.extend_s4 AS "extend.extendS4", a.extend_s5 AS "extend.extendS5", a.extend_s6 AS "extend.extendS6", a.extend_s7 AS "extend.extendS7", a.extend_s8 AS "extend.extendS8", a.extend_i1 AS "extend.extendI1", a.extend_i2 AS "extend.extendI2", a.extend_i3 AS "extend.extendI3", a.extend_i4 AS "extend.extendI4", a.extend_f1 AS "extend.extendF1", a.extend_f2 AS "extend.extendF2", a.extend_f3 AS "extend.extendF3", a.extend_f4 AS "extend.extendF4", a.extend_d1 AS "extend.extendD1", a.extend_d2 AS "extend.extendD2", a.extend_d3 AS "extend.extendD3", a.extend_d4 AS "extend.extendD4" FROM js_sys_user a WHERE a.`user_code` = #{userCode}
2019-03-25 21:38:24.317 DEBUG 6480 [           main] [o.m.s.t.SpringManagedTransaction       ] - JDBC Connection [com.alibaba.druid.proxy.jdbc.ConnectionProxyImpl@2f97e3de] will be managed by Spring
2019-03-25 21:38:24.318 DEBUG 6480 [           main] [com.jeesite.modules.sys.dao.UserDao.get] - ==>  Preparing: SELECT a.corp_code AS "corpCode", a.corp_name AS "corpName", a.status AS "status", a.create_by AS "createBy", a.create_date AS "createDate", a.update_by AS "updateBy", a.update_date AS "updateDate", a.remarks AS "remarks", a.user_code AS "userCode", a.login_code AS "loginCode", a.user_name AS "userName", a.password AS "password", a.email AS "email", a.mobile AS "mobile", a.phone AS "phone", a.sex AS "sex", a.avatar AS "avatar", a.sign AS "sign", a.wx_openid AS "wxOpenid", a.mobile_imei AS "mobileImei", a.user_type AS "userType", a.ref_code AS "refCode", a.ref_name AS "refName", a.mgr_type AS "mgrType", a.pwd_security_level AS "pwdSecurityLevel", a.pwd_update_date AS "pwdUpdateDate", a.pwd_update_record AS "pwdUpdateRecord", a.pwd_question AS "pwdQuestion", a.pwd_question_answer AS "pwdQuestionAnswer", a.pwd_question_2 AS "pwdQuestion2", a.pwd_question_answer_2 AS "pwdQuestionAnswer2", a.pwd_question_3 AS "pwdQuestion3", a.pwd_question_answer_3 AS "pwdQuestionAnswer3", a.pwd_quest_update_date AS "pwdQuestUpdateDate", a.last_login_ip AS "lastLoginIp", a.last_login_date AS "lastLoginDate", a.freeze_date AS "freezeDate", a.freeze_cause AS "freezeCause", a.user_weight AS "userWeight", a.extend_s1 AS "extend.extendS1", a.extend_s2 AS "extend.extendS2", a.extend_s3 AS "extend.extendS3", a.extend_s4 AS "extend.extendS4", a.extend_s5 AS "extend.extendS5", a.extend_s6 AS "extend.extendS6", a.extend_s7 AS "extend.extendS7", a.extend_s8 AS "extend.extendS8", a.extend_i1 AS "extend.extendI1", a.extend_i2 AS "extend.extendI2", a.extend_i3 AS "extend.extendI3", a.extend_i4 AS "extend.extendI4", a.extend_f1 AS "extend.extendF1", a.extend_f2 AS "extend.extendF2", a.extend_f3 AS "extend.extendF3", a.extend_f4 AS "extend.extendF4", a.extend_d1 AS "extend.extendD1", a.extend_d2 AS "extend.extendD2", a.extend_d3 AS "extend.extendD3", a.extend_d4 AS "extend.extendD4" FROM js_sys_user a WHERE a.`user_code` = ? 
2019-03-25 21:38:24.319 DEBUG 6480 [           main] [com.jeesite.modules.sys.dao.UserDao.get] - ==> Parameters: system(String)
2019-03-25 21:38:24.331 DEBUG 6480 [           main] [com.jeesite.modules.sys.dao.UserDao.get] - <==      Total: 1
2019-03-25 21:38:24.383 DEBUG 6480 [           main] [c.j.m.s.dao.RoleDao.findListByUserCode ] - ==>  Preparing: SELECT a.corp_code AS "corpCode", a.corp_name AS "corpName", a.status AS "status", a.create_by AS "createBy", a.create_date AS "createDate", a.update_by AS "updateBy", a.update_date AS "updateDate", a.remarks AS "remarks", a.role_code AS "roleCode", a.role_name AS "roleName", a.role_type AS "roleType", a.role_sort AS "roleSort", a.is_sys AS "isSys", a.user_type AS "userType", a.data_scope AS "dataScope" FROM js_sys_role a JOIN js_sys_user_role ur ON a.role_code = ur.role_code WHERE a.status = ? AND ur.user_code = ? ORDER BY a.role_sort ASC 
2019-03-25 21:38:24.384 DEBUG 6480 [           main] [c.j.m.s.dao.RoleDao.findListByUserCode ] - ==> Parameters: 0(String), system(String)
2019-03-25 21:38:24.392 DEBUG 6480 [           main] [c.j.m.s.dao.RoleDao.findListByUserCode ] - <==      Total: 0
2019-03-25 21:38:24.445 DEBUG 6480 [           main] [c.j.c.m.m.provider.UpdateSqlProvider   ] - 201毫秒: UPDATE js_sys_menu SET `status` = #{param1.status}, `update_by` = #{param1.updateBy}, `update_date` = #{param1.updateDate} WHERE status != #{param2.STATUS_DELETE} AND module_codes LIKE #{param2.sqlMap.where#module_codes#LIKE1}
2019-03-25 21:38:24.445 DEBUG 6480 [           main] [c.j.m.s.d.MenuDao.updateStatusByEntity ] - ==>  Preparing: UPDATE js_sys_menu SET `status` = ?, `update_by` = ?, `update_date` = ? WHERE status != ? AND module_codes LIKE ? 
2019-03-25 21:38:24.448 DEBUG 6480 [           main] [c.j.m.s.d.MenuDao.updateStatusByEntity ] - ==> Parameters: 2(String), system(String), 2019-03-25 21:38:24.444(Timestamp), 1(String), %cms%(String)
2019-03-25 21:38:24.458 DEBUG 6480 [           main] [c.j.m.s.d.MenuDao.updateStatusByEntity ] - <==    Updates: 7
2019-03-25 21:38:24.518 DEBUG 6480 [           main] [c.j.c.m.m.provider.UpdateSqlProvider   ] - 3毫秒: UPDATE js_sys_menu SET `status` = #{param1.status}, `update_by` = #{param1.updateBy}, `update_date` = #{param1.updateDate} WHERE status != #{param2.STATUS_DELETE} AND module_codes LIKE #{param2.sqlMap.where#module_codes#LIKE1}
2019-03-25 21:38:24.518 DEBUG 6480 [           main] [o.m.s.t.SpringManagedTransaction       ] - JDBC Connection [com.alibaba.druid.proxy.jdbc.ConnectionProxyImpl@2f97e3de] will be managed by Spring
2019-03-25 21:38:24.519 DEBUG 6480 [           main] [c.j.m.s.d.MenuDao.updateStatusByEntity ] - ==>  Preparing: UPDATE js_sys_menu SET `status` = ?, `update_by` = ?, `update_date` = ? WHERE status != ? AND module_codes LIKE ? 
2019-03-25 21:38:24.520 DEBUG 6480 [           main] [c.j.m.s.d.MenuDao.updateStatusByEntity ] - ==> Parameters: 0(String), system(String), 2019-03-25 21:38:24.517(Timestamp), 1(String), %core%(String)
2019-03-25 21:38:24.533 DEBUG 6480 [           main] [c.j.m.s.d.MenuDao.updateStatusByEntity ] - <==    Updates: 67
2019-03-25 21:38:26.664 INFO  6480 [           main] [o.s.b.w.embedded.tomcat.TomcatWebServer] - Tomcat started on port(s): 8980 (http) with context path '/js'
2019-03-25 21:38:26.668 INFO  6480 [           main] [com.jeesite.modules.Application        ] - Started Application in 25.778 seconds (JVM running for 27.098)
2019-03-25 21:39:14.757 DEBUG 6480 [nio-8980-exec-6] [o.m.s.t.SpringManagedTransaction       ] - JDBC Connection [com.alibaba.druid.proxy.jdbc.ConnectionProxyImpl@2f97e3de] will be managed by Spring
2019-03-25 21:39:14.758 DEBUG 6480 [nio-8980-exec-6] [c.j.m.a.d.C.saveConsultation!selectKey ] - ==>  Preparing: select replace(uuid(),'-','') from dual 
2019-03-25 21:39:14.758 DEBUG 6480 [nio-8980-exec-6] [c.j.m.a.d.C.saveConsultation!selectKey ] - ==> Parameters: 
2019-03-25 21:39:14.776 DEBUG 6480 [nio-8980-exec-6] [c.j.m.a.d.C.saveConsultation!selectKey ] - <==      Total: 1
2019-03-25 21:39:14.777 DEBUG 6480 [nio-8980-exec-6] [c.j.m.a.d.C.saveConsultation           ] - ==>  Preparing: insert into sys_consultation ( id, num, body, therapy, content, create_by, create_date, del_flag ) values ( ?, ?, ?, ?, ?, ?, ?, ? ) 
2019-03-25 21:39:14.784 DEBUG 6480 [nio-8980-exec-6] [c.j.m.a.d.C.saveConsultation           ] - ==> Parameters: 61ca1c744f0311e9b780fa163e609e56(String), 20190215(String), 1,2(String), 4,5,6(String), 为什么我经常感冒(String), 12121212121(String), 2019-03-25 21:39:14(String), 0(String)
2019-03-25 21:39:14.802 DEBUG 6480 [nio-8980-exec-6] [c.j.m.a.d.C.saveConsultation           ] - <==    Updates: 1
2019-03-25 21:39:14.813 DEBUG 6480 [nio-8980-exec-6] [c.j.m.a.d.C.saveConsultationPic        ] - ==>  Preparing: insert into sys_consultation_pic ( id, consultationid, pic, create_by, create_date, del_flag ) values ( (SELECT REPLACE(UUID(), '-', '') AS id), ?, ?, ?, ?, ? ) , ( (SELECT REPLACE(UUID(), '-', '') AS id), ?, ?, ?, ?, ? ) , ( (SELECT REPLACE(UUID(), '-', '') AS id), ?, ?, ?, ?, ? ) 
2019-03-25 21:39:14.815 DEBUG 6480 [nio-8980-exec-6] [c.j.m.a.d.C.saveConsultationPic        ] - ==> Parameters: 61ca1c744f0311e9b780fa163e609e56(String), 11111(String), 12121212121(String), 2019-03-25 21:39:14(String), 0(String), 61ca1c744f0311e9b780fa163e609e56(String), 22222(String), 12121212121(String), 2019-03-25 21:39:14(String), 0(String), 61ca1c744f0311e9b780fa163e609e56(String), 33333(String), 12121212121(String), 2019-03-25 21:39:14(String), 0(String)
2019-03-25 21:39:14.848 DEBUG 6480 [nio-8980-exec-6] [c.j.m.a.d.C.saveConsultationPic        ] - <==    Updates: 3
2019-03-25 21:39:14.851 DEBUG 6480 [nio-8980-exec-6] [c.j.m.a.d.C.saveConsultationOrder!selectKey] - ==>  Preparing: select replace(uuid(),'-','') from dual 
2019-03-25 21:39:14.853 DEBUG 6480 [nio-8980-exec-6] [c.j.m.a.d.C.saveConsultationOrder!selectKey] - ==> Parameters: 
2019-03-25 21:39:14.863 DEBUG 6480 [nio-8980-exec-6] [c.j.m.a.d.C.saveConsultationOrder!selectKey] - <==      Total: 1
2019-03-25 21:39:14.864 DEBUG 6480 [nio-8980-exec-6] [c.j.m.a.d.C.saveConsultationOrder      ] - ==>  Preparing: insert into sys_consultation_order ( id, num, doctorid, consultationid, orderstate, paytype, amount, create_by, create_date, del_flag ) values ( ?, ?, ?, ?, '1', '4', ?, ?, ?, ? ) 
2019-03-25 21:39:14.865 DEBUG 6480 [nio-8980-exec-6] [c.j.m.a.d.C.saveConsultationOrder      ] - ==> Parameters: 61d845a34f0311e9b780fa163e609e56(String), 12019032521391484977779778077137(String), 12312312312321(String), 61ca1c744f0311e9b780fa163e609e56(String), 212.1(String), 12121212121(String), 2019-03-25 21:39:14(String), 0(String)
2019-03-25 21:39:14.891 DEBUG 6480 [nio-8980-exec-6] [c.j.m.a.d.C.saveConsultationOrder      ] - <==    Updates: 1
2019-03-25 21:54:56.475 DEBUG 6480 [nio-8980-exec-7] [o.m.s.t.SpringManagedTransaction       ] - JDBC Connection [com.alibaba.druid.proxy.jdbc.ConnectionProxyImpl@2f97e3de] will be managed by Spring
2019-03-25 21:54:56.479 DEBUG 6480 [nio-8980-exec-7] [c.j.m.a.d.C.saveConsultation!selectKey ] - ==>  Preparing: select replace(uuid(),'-','') from dual 
2019-03-25 21:54:56.481 DEBUG 6480 [nio-8980-exec-7] [c.j.m.a.d.C.saveConsultation!selectKey ] - ==> Parameters: 
2019-03-25 21:54:56.491 DEBUG 6480 [nio-8980-exec-7] [c.j.m.a.d.C.saveConsultation!selectKey ] - <==      Total: 1
2019-03-25 21:54:56.492 DEBUG 6480 [nio-8980-exec-7] [c.j.m.a.d.C.saveConsultation           ] - ==>  Preparing: insert into sys_consultation ( id, num, body, therapy, content, create_by, create_date, del_flag ) values ( ?, ?, ?, ?, ?, ?, ?, ? ) 
2019-03-25 21:54:56.500 DEBUG 6480 [nio-8980-exec-7] [c.j.m.a.d.C.saveConsultation           ] - ==> Parameters: 931a64f74f0511e9b780fa163e609e56(String), null, null, null, null, null, 2019-03-25 21:54:56(String), 0(String)
2019-03-25 21:54:56.520 DEBUG 6480 [nio-8980-exec-7] [c.j.m.a.d.C.saveConsultation           ] - <==    Updates: 1
2019-03-25 21:54:56.522 DEBUG 6480 [nio-8980-exec-7] [c.j.m.a.d.C.saveConsultationPic        ] - ==>  Preparing: insert into sys_consultation_pic ( id, consultationid, pic, create_by, create_date, del_flag ) values 
2019-03-25 21:54:56.522 DEBUG 6480 [nio-8980-exec-7] [c.j.m.a.d.C.saveConsultationPic        ] - ==> Parameters: 
2019-03-25 21:54:56.701 ERROR 6480 [nio-8980-exec-7] [c.j.m.a.web.ConsultationOrderController] - 
### Error updating database.  Cause: com.mysql.jdbc.exceptions.jdbc4.MySQLSyntaxErrorException: You have an error in your SQL syntax; check the manual that corresponds to your MySQL server version for the right syntax to use near '' at line 9
### The error may involve com.jeesite.modules.app.dao.ConsultationDao.saveConsultationPic-Inline
### The error occurred while setting parameters
### SQL: insert into sys_consultation_pic (    id,    consultationid,    pic,    create_by,     create_date,     del_flag   )   values
### Cause: com.mysql.jdbc.exceptions.jdbc4.MySQLSyntaxErrorException: You have an error in your SQL syntax; check the manual that corresponds to your MySQL server version for the right syntax to use near '' at line 9
; bad SQL grammar []; nested exception is com.mysql.jdbc.exceptions.jdbc4.MySQLSyntaxErrorException: You have an error in your SQL syntax; check the manual that corresponds to your MySQL server version for the right syntax to use near '' at line 9

org.springframework.jdbc.BadSqlGrammarException: 
### Error updating database.  Cause: com.mysql.jdbc.exceptions.jdbc4.MySQLSyntaxErrorException: You have an error in your SQL syntax; check the manual that corresponds to your MySQL server version for the right syntax to use near '' at line 9
### The error may involve com.jeesite.modules.app.dao.ConsultationDao.saveConsultationPic-Inline
### The error occurred while setting parameters
### SQL: insert into sys_consultation_pic (    id,    consultationid,    pic,    create_by,     create_date,     del_flag   )   values
### Cause: com.mysql.jdbc.exceptions.jdbc4.MySQLSyntaxErrorException: You have an error in your SQL syntax; check the manual that corresponds to your MySQL server version for the right syntax to use near '' at line 9
; bad SQL grammar []; nested exception is com.mysql.jdbc.exceptions.jdbc4.MySQLSyntaxErrorException: You have an error in your SQL syntax; check the manual that corresponds to your MySQL server version for the right syntax to use near '' at line 9
	at org.springframework.jdbc.support.SQLErrorCodeSQLExceptionTranslator.doTranslate(SQLErrorCodeSQLExceptionTranslator.java:234)
	at org.springframework.jdbc.support.AbstractFallbackSQLExceptionTranslator.translate(AbstractFallbackSQLExceptionTranslator.java:72)
	at org.mybatis.spring.MyBatisExceptionTranslator.translateExceptionIfPossible(MyBatisExceptionTranslator.java:73)
	at org.mybatis.spring.SqlSessionTemplate$SqlSessionInterceptor.invoke(SqlSessionTemplate.java:446)
	at com.sun.proxy.$Proxy83.insert(Unknown Source)
	at org.mybatis.spring.SqlSessionTemplate.insert(SqlSessionTemplate.java:278)
	at org.apache.ibatis.binding.MapperMethod.execute(MapperMethod.java:58)
	at org.apache.ibatis.binding.MapperProxy.invoke(MapperProxy.java:59)
	at com.sun.proxy.$Proxy95.saveConsultationPic(Unknown Source)
	at com.jeesite.modules.app.service.ConsultationOrderService.saveConsultationOrder(ConsultationOrderService.java:55)
	at com.jeesite.modules.app.service.ConsultationOrderService$$FastClassBySpringCGLIB$$8f36667.invoke(<generated>)
	at org.springframework.cglib.proxy.MethodProxy.invoke(MethodProxy.java:204)
	at org.springframework.aop.framework.CglibAopProxy$CglibMethodInvocation.invokeJoinpoint(CglibAopProxy.java:746)
	at org.springframework.aop.framework.ReflectiveMethodInvocation.proceed(ReflectiveMethodInvocation.java:163)
	at org.springframework.transaction.interceptor.TransactionAspectSupport.invokeWithinTransaction(TransactionAspectSupport.java:294)
	at org.springframework.transaction.interceptor.TransactionInterceptor.invoke(TransactionInterceptor.java:98)
	at org.springframework.aop.framework.ReflectiveMethodInvocation.proceed(ReflectiveMethodInvocation.java:185)
	at org.springframework.aop.framework.CglibAopProxy$DynamicAdvisedInterceptor.intercept(CglibAopProxy.java:688)
	at com.jeesite.modules.app.service.ConsultationOrderService$$EnhancerBySpringCGLIB$$1b67eeb9.saveConsultationOrder(<generated>)
	at com.jeesite.modules.app.service.ConsultationOrderService$$FastClassBySpringCGLIB$$8f36667.invoke(<generated>)
	at org.springframework.cglib.proxy.MethodProxy.invoke(MethodProxy.java:204)
	at org.springframework.aop.framework.CglibAopProxy$CglibMethodInvocation.invokeJoinpoint(CglibAopProxy.java:746)
	at org.springframework.aop.framework.ReflectiveMethodInvocation.proceed(ReflectiveMethodInvocation.java:163)
	at org.springframework.transaction.interceptor.TransactionAspectSupport.invokeWithinTransaction(TransactionAspectSupport.java:294)
	at org.springframework.transaction.interceptor.TransactionInterceptor.invoke(TransactionInterceptor.java:98)
	at org.springframework.aop.framework.ReflectiveMethodInvocation.proceed(ReflectiveMethodInvocation.java:185)
	at org.springframework.aop.framework.CglibAopProxy$DynamicAdvisedInterceptor.intercept(CglibAopProxy.java:688)
	at com.jeesite.modules.app.service.ConsultationOrderService$$EnhancerBySpringCGLIB$$6590d2d1.saveConsultationOrder(<generated>)
	at com.jeesite.modules.app.web.ConsultationOrderController.saveOrder(ConsultationOrderController.java:47)
	at sun.reflect.NativeMethodAccessorImpl.invoke0(Native Method)
	at sun.reflect.NativeMethodAccessorImpl.invoke(NativeMethodAccessorImpl.java:62)
	at sun.reflect.DelegatingMethodAccessorImpl.invoke(DelegatingMethodAccessorImpl.java:43)
	at java.lang.reflect.Method.invoke(Method.java:498)
	at org.springframework.web.method.support.InvocableHandlerMethod.doInvoke(InvocableHandlerMethod.java:209)
	at org.springframework.web.method.support.InvocableHandlerMethod.invokeForRequest(InvocableHandlerMethod.java:136)
	at org.springframework.web.servlet.mvc.method.annotation.ServletInvocableHandlerMethod.invokeAndHandle(ServletInvocableHandlerMethod.java:102)
	at org.springframework.web.servlet.mvc.method.annotation.RequestMappingHandlerAdapter.invokeHandlerMethod(RequestMappingHandlerAdapter.java:891)
	at org.springframework.web.servlet.mvc.method.annotation.RequestMappingHandlerAdapter.handleInternal(RequestMappingHandlerAdapter.java:797)
	at org.springframework.web.servlet.mvc.method.AbstractHandlerMethodAdapter.handle(AbstractHandlerMethodAdapter.java:87)
	at org.springframework.web.servlet.DispatcherServlet.doDispatch(DispatcherServlet.java:991)
	at org.springframework.web.servlet.DispatcherServlet.doService(DispatcherServlet.java:925)
	at org.springframework.web.servlet.FrameworkServlet.processRequest(FrameworkServlet.java:974)
	at org.springframework.web.servlet.FrameworkServlet.doPost(FrameworkServlet.java:877)
	at javax.servlet.http.HttpServlet.service(HttpServlet.java:661)
	at org.springframework.web.servlet.FrameworkServlet.service(FrameworkServlet.java:851)
	at javax.servlet.http.HttpServlet.service(HttpServlet.java:742)
	at org.apache.catalina.core.ApplicationFilterChain.internalDoFilter(ApplicationFilterChain.java:231)
	at org.apache.catalina.core.ApplicationFilterChain.doFilter(ApplicationFilterChain.java:166)
	at org.apache.tomcat.websocket.server.WsFilter.doFilter(WsFilter.java:52)
	at org.apache.catalina.core.ApplicationFilterChain.internalDoFilter(ApplicationFilterChain.java:193)
	at org.apache.catalina.core.ApplicationFilterChain.doFilter(ApplicationFilterChain.java:166)
	at org.springframework.web.filter.CorsFilter.doFilterInternal(CorsFilter.java:96)
	at org.springframework.web.filter.OncePerRequestFilter.doFilter(OncePerRequestFilter.java:107)
	at org.apache.catalina.core.ApplicationFilterChain.internalDoFilter(ApplicationFilterChain.java:193)
	at org.apache.catalina.core.ApplicationFilterChain.doFilter(ApplicationFilterChain.java:166)
	at com.alibaba.druid.support.http.WebStatFilter.doFilter(WebStatFilter.java:123)
	at org.apache.catalina.core.ApplicationFilterChain.internalDoFilter(ApplicationFilterChain.java:193)
	at org.apache.catalina.core.ApplicationFilterChain.doFilter(ApplicationFilterChain.java:166)
	at org.apache.shiro.web.servlet.AbstractShiroFilter.executeChain(AbstractShiroFilter.java:449)
	at org.apache.shiro.web.servlet.AbstractShiroFilter$1.call(AbstractShiroFilter.java:365)
	at org.apache.shiro.subject.support.SubjectCallable.doCall(SubjectCallable.java:90)
	at org.apache.shiro.subject.support.SubjectCallable.call(SubjectCallable.java:83)
	at org.apache.shiro.subject.support.DelegatingSubject.execute(DelegatingSubject.java:387)
	at org.apache.shiro.web.servlet.AbstractShiroFilter.doFilterInternal(AbstractShiroFilter.java:362)
	at com.jeesite.common.shiro.web.m.doFilterInternal(xy:188)
	at org.apache.shiro.web.servlet.OncePerRequestFilter.doFilter(OncePerRequestFilter.java:125)
	at org.apache.catalina.core.ApplicationFilterChain.internalDoFilter(ApplicationFilterChain.java:193)
	at org.apache.catalina.core.ApplicationFilterChain.doFilter(ApplicationFilterChain.java:166)
	at org.springframework.web.filter.CharacterEncodingFilter.doFilterInternal(CharacterEncodingFilter.java:200)
	at org.springframework.web.filter.OncePerRequestFilter.doFilter(OncePerRequestFilter.java:107)
	at org.apache.catalina.core.ApplicationFilterChain.internalDoFilter(ApplicationFilterChain.java:193)
	at org.apache.catalina.core.ApplicationFilterChain.doFilter(ApplicationFilterChain.java:166)
	at org.apache.catalina.core.StandardWrapperValve.invoke(StandardWrapperValve.java:198)
	at org.apache.catalina.core.StandardContextValve.invoke(StandardContextValve.java:96)
	at org.apache.catalina.authenticator.AuthenticatorBase.invoke(AuthenticatorBase.java:493)
	at org.apache.catalina.core.StandardHostValve.invoke(StandardHostValve.java:140)
	at org.apache.catalina.valves.ErrorReportValve.invoke(ErrorReportValve.java:81)
	at org.apache.catalina.core.StandardEngineValve.invoke(StandardEngineValve.java:87)
	at org.apache.catalina.connector.CoyoteAdapter.service(CoyoteAdapter.java:342)
	at org.apache.coyote.http11.Http11Processor.service(Http11Processor.java:800)
	at org.apache.coyote.AbstractProcessorLight.process(AbstractProcessorLight.java:66)
	at org.apache.coyote.AbstractProtocol$ConnectionHandler.process(AbstractProtocol.java:806)
	at org.apache.tomcat.util.net.NioEndpoint$SocketProcessor.doRun(NioEndpoint.java:1498)
	at org.apache.tomcat.util.net.SocketProcessorBase.run(SocketProcessorBase.java:49)
	at java.util.concurrent.ThreadPoolExecutor.runWorker(ThreadPoolExecutor.java:1149)
	at java.util.concurrent.ThreadPoolExecutor$Worker.run(ThreadPoolExecutor.java:624)
	at org.apache.tomcat.util.threads.TaskThread$WrappingRunnable.run(TaskThread.java:61)
	at java.lang.Thread.run(Thread.java:748)
Caused by: com.mysql.jdbc.exceptions.jdbc4.MySQLSyntaxErrorException: You have an error in your SQL syntax; check the manual that corresponds to your MySQL server version for the right syntax to use near '' at line 9
	at sun.reflect.NativeConstructorAccessorImpl.newInstance0(Native Method)
	at sun.reflect.NativeConstructorAccessorImpl.newInstance(NativeConstructorAccessorImpl.java:62)
	at sun.reflect.DelegatingConstructorAccessorImpl.newInstance(DelegatingConstructorAccessorImpl.java:45)
	at java.lang.reflect.Constructor.newInstance(Constructor.java:423)
	at com.mysql.jdbc.Util.handleNewInstance(Util.java:425)
	at com.mysql.jdbc.Util.getInstance(Util.java:408)
	at com.mysql.jdbc.SQLError.createSQLException(SQLError.java:944)
	at com.mysql.jdbc.MysqlIO.checkErrorPacket(MysqlIO.java:3978)
	at com.mysql.jdbc.MysqlIO.checkErrorPacket(MysqlIO.java:3914)
	at com.mysql.jdbc.MysqlIO.sendCommand(MysqlIO.java:2530)
	at com.mysql.jdbc.MysqlIO.sqlQueryDirect(MysqlIO.java:2683)
	at com.mysql.jdbc.ConnectionImpl.execSQL(ConnectionImpl.java:2495)
	at com.mysql.jdbc.PreparedStatement.executeInternal(PreparedStatement.java:1903)
	at com.mysql.jdbc.PreparedStatement.execute(PreparedStatement.java:1242)
	at com.alibaba.druid.filter.FilterChainImpl.preparedStatement_execute(FilterChainImpl.java:3409)
	at com.alibaba.druid.filter.FilterAdapter.preparedStatement_execute(FilterAdapter.java:1080)
	at com.alibaba.druid.filter.FilterChainImpl.preparedStatement_execute(FilterChainImpl.java:3407)
	at com.alibaba.druid.filter.FilterEventAdapter.preparedStatement_execute(FilterEventAdapter.java:440)
	at com.alibaba.druid.filter.FilterChainImpl.preparedStatement_execute(FilterChainImpl.java:3407)
	at com.alibaba.druid.proxy.jdbc.PreparedStatementProxyImpl.execute(PreparedStatementProxyImpl.java:167)
	at com.alibaba.druid.pool.DruidPooledPreparedStatement.execute(DruidPooledPreparedStatement.java:498)
	at sun.reflect.NativeMethodAccessorImpl.invoke0(Native Method)
	at sun.reflect.NativeMethodAccessorImpl.invoke(NativeMethodAccessorImpl.java:62)
	at sun.reflect.DelegatingMethodAccessorImpl.invoke(DelegatingMethodAccessorImpl.java:43)
	at java.lang.reflect.Method.invoke(Method.java:498)
	at org.apache.ibatis.logging.jdbc.PreparedStatementLogger.invoke(PreparedStatementLogger.java:59)
	at com.sun.proxy.$Proxy163.execute(Unknown Source)
	at org.apache.ibatis.executor.statement.PreparedStatementHandler.update(PreparedStatementHandler.java:46)
	at org.apache.ibatis.executor.statement.RoutingStatementHandler.update(RoutingStatementHandler.java:74)
	at sun.reflect.NativeMethodAccessorImpl.invoke0(Native Method)
	at sun.reflect.NativeMethodAccessorImpl.invoke(NativeMethodAccessorImpl.java:62)
	at sun.reflect.DelegatingMethodAccessorImpl.invoke(DelegatingMethodAccessorImpl.java:43)
	at java.lang.reflect.Method.invoke(Method.java:498)
	at org.apache.ibatis.plugin.Plugin.invoke(Plugin.java:63)
	at com.sun.proxy.$Proxy161.update(Unknown Source)
	at org.apache.ibatis.executor.SimpleExecutor.doUpdate(SimpleExecutor.java:50)
	at org.apache.ibatis.executor.BaseExecutor.update(BaseExecutor.java:117)
	at org.apache.ibatis.executor.CachingExecutor.update(CachingExecutor.java:76)
	at sun.reflect.NativeMethodAccessorImpl.invoke0(Native Method)
	at sun.reflect.NativeMethodAccessorImpl.invoke(NativeMethodAccessorImpl.java:62)
	at sun.reflect.DelegatingMethodAccessorImpl.invoke(DelegatingMethodAccessorImpl.java:43)
	at java.lang.reflect.Method.invoke(Method.java:498)
	at org.apache.ibatis.plugin.Invocation.proceed(Invocation.java:49)
	at com.jeesite.common.mybatis.interceptor.F.ALLATORIxDEMO(iz:74)
	at com.jeesite.common.mybatis.interceptor.DataSourceInterceptor.intercept(iz:128)
	at org.apache.ibatis.plugin.Plugin.invoke(Plugin.java:61)
	at com.sun.proxy.$Proxy160.update(Unknown Source)
	at org.apache.ibatis.session.defaults.DefaultSqlSession.update(DefaultSqlSession.java:198)
	at org.apache.ibatis.session.defaults.DefaultSqlSession.insert(DefaultSqlSession.java:185)
	at sun.reflect.NativeMethodAccessorImpl.invoke0(Native Method)
	at sun.reflect.NativeMethodAccessorImpl.invoke(NativeMethodAccessorImpl.java:62)
	at sun.reflect.DelegatingMethodAccessorImpl.invoke(DelegatingMethodAccessorImpl.java:43)
	at java.lang.reflect.Method.invoke(Method.java:498)
	at org.mybatis.spring.SqlSessionTemplate$SqlSessionInterceptor.invoke(SqlSessionTemplate.java:433)
	... 84 common frames omitted

2019-03-25 21:55:15.097 DEBUG 6480 [nio-8980-exec-8] [o.m.s.t.SpringManagedTransaction       ] - JDBC Connection [com.alibaba.druid.proxy.jdbc.ConnectionProxyImpl@2f97e3de] will be managed by Spring
2019-03-25 21:55:15.098 DEBUG 6480 [nio-8980-exec-8] [c.j.m.a.d.C.updateConsultationOrder    ] - ==>  Preparing: update sys_consultation_order SET orderstate=?, paytype=?, update_by=?, update_date=? where id=? 
2019-03-25 21:55:15.099 DEBUG 6480 [nio-8980-exec-8] [c.j.m.a.d.C.updateConsultationOrder    ] - ==> Parameters: 3(String), 9(String), 12121212121(String), 2019-03-25 21:55:15(String), 61ca1c744f0311e9b780fa163e609e56(String)
2019-03-25 21:55:15.117 DEBUG 6480 [nio-8980-exec-8] [c.j.m.a.d.C.updateConsultationOrder    ] - <==    Updates: 0
2019-03-25 21:55:36.836 DEBUG 6480 [nio-8980-exec-9] [o.m.s.t.SpringManagedTransaction       ] - JDBC Connection [com.alibaba.druid.proxy.jdbc.ConnectionProxyImpl@2f97e3de] will be managed by Spring
2019-03-25 21:55:36.837 DEBUG 6480 [nio-8980-exec-9] [c.j.m.a.d.C.updateConsultationOrder    ] - ==>  Preparing: update sys_consultation_order SET orderstate=?, paytype=?, update_by=?, update_date=? where id=? 
2019-03-25 21:55:36.838 DEBUG 6480 [nio-8980-exec-9] [c.j.m.a.d.C.updateConsultationOrder    ] - ==> Parameters: 3(String), 9(String), 12121212121(String), 2019-03-25 21:55:36(String), c2c8b84c4f0211e9b780fa163e609e56(String)
2019-03-25 21:55:36.850 DEBUG 6480 [nio-8980-exec-9] [c.j.m.a.d.C.updateConsultationOrder    ] - <==    Updates: 1
2019-03-25 21:55:58.522 DEBUG 6480 [io-8980-exec-10] [o.m.s.t.SpringManagedTransaction       ] - JDBC Connection [com.alibaba.druid.proxy.jdbc.ConnectionProxyImpl@2f97e3de] will be managed by Spring
2019-03-25 21:55:58.524 DEBUG 6480 [io-8980-exec-10] [c.j.m.a.d.C.updateConsultationOrder    ] - ==>  Preparing: update sys_consultation_order SET orderstate=?, paytype=?, update_by=?, update_date=? where id=? 
2019-03-25 21:55:58.524 DEBUG 6480 [io-8980-exec-10] [c.j.m.a.d.C.updateConsultationOrder    ] - ==> Parameters: 3(String), 9(String), 12121212121(String), 2019-03-25 21:55:58(String), c2c8b84c4f0211e9b780fa163e609e56(String)
2019-03-25 21:55:58.544 DEBUG 6480 [io-8980-exec-10] [c.j.m.a.d.C.updateConsultationOrder    ] - <==    Updates: 1
2019-03-25 22:06:09.239 DEBUG 6480 [nio-8980-exec-2] [o.m.s.t.SpringManagedTransaction       ] - JDBC Connection [com.alibaba.druid.proxy.jdbc.ConnectionProxyImpl@2f97e3de] will be managed by Spring
2019-03-25 22:06:09.240 DEBUG 6480 [nio-8980-exec-2] [c.j.m.a.d.C.updateConsultationOrder    ] - ==>  Preparing: update sys_consultation_order SET orderstate=?, paytype=?, update_by=?, update_date=? where id=? 
2019-03-25 22:06:09.241 DEBUG 6480 [nio-8980-exec-2] [c.j.m.a.d.C.updateConsultationOrder    ] - ==> Parameters: 1(String), 4(String), 12121212121(String), 2019-03-25 22:06:09(String), c2c8b84c4f0211e9b780fa163e609e56(String)
2019-03-25 22:06:09.256 DEBUG 6480 [nio-8980-exec-2] [c.j.m.a.d.C.updateConsultationOrder    ] - <==    Updates: 1
