2019-07-22 09:34:47.422 INFO  3252 [           main] [com.jeesite.modules.Application        ] - Starting Application on DESKTOP-FVHI4E5 with PID 3252 (E:\gitlabHome\HaoLangZhongProject\HaoLangZhong\src\main\webapp\WEB-INF\classes started by 1111111 in E:\gitlabHome\HaoLangZhongProject\HaoLangZhong)
2019-07-22 09:34:47.428 DEBUG 3252 [           main] [com.jeesite.modules.Application        ] - Running with Spring Boot v2.0.6.RELEASE, Spring v5.0.10.RELEASE
2019-07-22 09:34:47.429 INFO  3252 [           main] [com.jeesite.modules.Application        ] - The following profiles are active: default
2019-07-22 09:34:50.009 INFO  3252 [           main] [com.jeesite.common.config.Global       ] - Config files: [classpath:config/jeesite-core.yml, classpath:config/application.yml]
2019-07-22 09:34:50.011 INFO  3252 [           main] [com.jeesite.common.config.Global       ] - Spring cache cluster mode: false, session manager name: J1CacheSession
2019-07-22 09:34:50.770 INFO  3252 [           main] [com.jeesite.common.config.Global       ] - user.home: C:/Users/15040
2019-07-22 09:34:50.770 INFO  3252 [           main] [com.jeesite.common.config.Global       ] - user.dir: E:/gitlabHome/HaoLangZhongProject/HaoLangZhong
2019-07-22 09:34:50.770 INFO  3252 [           main] [com.jeesite.common.config.Global       ] - logPath: E:/gitlabHome/HaoLangZhongProject/HaoLangZhong/src/main/webapp/WEB-INF/classes

   _____        ___  _   _           ___
  |_   _|      / __'(_)_| |_        /   |
  _ | | __  __ \___ | |_   _| __   / /| |
 ( .| |/__\/__\ ___)| | | |_ /__\ / /_| |_
  \___|\__.\__.|____|_| \___)\__.(____   _|  :: JeeSite V4.1.3 :: 
======================================|_|==========================

    欢迎使用 好郎中 V4.1

    您当前的版本为社区版，官方网站：http://jeesite.com

    机器码是：6c59ab5175477606a72e1628bfd13f1a
    产品名称：好郎中
    公司名称：好郎中

===================================================================

2019-07-22 09:34:52.317 INFO  3252 [           main] [o.s.b.w.embedded.tomcat.TomcatWebServer] - Tomcat initialized with port(s): 8980 (http)
2019-07-22 09:34:53.107 DEBUG 3252 [           main] [com.jeesite.common.config.Global       ] - Update E:\gitlabHome\HaoLangZhongProject\HaoLangZhong\src\main\webapp\WEB-INF\classes\config\application.yml jdbc.password encryption success.
2019-07-22 09:34:53.672 DEBUG 3252 [           main] [c.j.common.datasource.RoutingDataSource] - Set default target data source success.
2019-07-22 09:35:00.887 DEBUG 3252 [           main] [com.jeesite.common.beetl.BeetlUtils    ] - Beetl config files: [classpath:/config/beetl-core.properties, classpath:/config/beetl.properties]
2019-07-22 09:35:01.219 DEBUG 3252 [           main] [c.j.c.m.m.provider.SelectSqlProvider   ] - 2毫秒: SELECT a.status AS "status", a.create_by AS "createBy", a.create_date AS "createDate", a.update_by AS "updateBy", a.update_date AS "updateDate", a.remarks AS "remarks", a.module_code AS "moduleCode", a.module_name AS "moduleName", a.description AS "description", a.main_class_name AS "mainClassName", a.current_version AS "currentVersion", a.upgrade_info AS "upgradeInfo" FROM js_sys_module a WHERE a.status = #{sqlMap.where#status#EQ1} ORDER BY a.update_date DESC
2019-07-22 09:35:01.260 DEBUG 3252 [           main] [o.m.s.t.SpringManagedTransaction       ] - JDBC Connection [com.alibaba.druid.proxy.jdbc.ConnectionProxyImpl@12ebcdf6] will not be managed by Spring
2019-07-22 09:35:01.277 DEBUG 3252 [           main] [c.j.modules.sys.dao.ModuleDao.findList ] - ==>  Preparing: SELECT a.status AS "status", a.create_by AS "createBy", a.create_date AS "createDate", a.update_by AS "updateBy", a.update_date AS "updateDate", a.remarks AS "remarks", a.module_code AS "moduleCode", a.module_name AS "moduleName", a.description AS "description", a.main_class_name AS "mainClassName", a.current_version AS "currentVersion", a.upgrade_info AS "upgradeInfo" FROM js_sys_module a WHERE a.status = ? ORDER BY a.update_date DESC 
2019-07-22 09:35:01.313 DEBUG 3252 [           main] [c.j.modules.sys.dao.ModuleDao.findList ] - ==> Parameters: 0(String)
2019-07-22 09:35:01.353 DEBUG 3252 [           main] [c.j.modules.sys.dao.ModuleDao.findList ] - <==      Total: 2
2019-07-22 09:35:01.493 DEBUG 3252 [           main] [c.j.c.m.m.provider.SelectSqlProvider   ] - 1毫秒: SELECT a.corp_code AS "corpCode", a.corp_name AS "corpName", a.status AS "status", a.create_by AS "createBy", a.create_date AS "createDate", a.update_by AS "updateBy", a.update_date AS "updateDate", a.remarks AS "remarks", a.user_code AS "userCode", a.login_code AS "loginCode", a.user_name AS "userName", a.password AS "password", a.email AS "email", a.mobile AS "mobile", a.phone AS "phone", a.sex AS "sex", a.avatar AS "avatar", a.sign AS "sign", a.wx_openid AS "wxOpenid", a.mobile_imei AS "mobileImei", a.user_type AS "userType", a.ref_code AS "refCode", a.ref_name AS "refName", a.mgr_type AS "mgrType", a.pwd_security_level AS "pwdSecurityLevel", a.pwd_update_date AS "pwdUpdateDate", a.pwd_update_record AS "pwdUpdateRecord", a.pwd_question AS "pwdQuestion", a.pwd_question_answer AS "pwdQuestionAnswer", a.pwd_question_2 AS "pwdQuestion2", a.pwd_question_answer_2 AS "pwdQuestionAnswer2", a.pwd_question_3 AS "pwdQuestion3", a.pwd_question_answer_3 AS "pwdQuestionAnswer3", a.pwd_quest_update_date AS "pwdQuestUpdateDate", a.last_login_ip AS "lastLoginIp", a.last_login_date AS "lastLoginDate", a.freeze_date AS "freezeDate", a.freeze_cause AS "freezeCause", a.user_weight AS "userWeight", a.extend_s1 AS "extend.extendS1", a.extend_s2 AS "extend.extendS2", a.extend_s3 AS "extend.extendS3", a.extend_s4 AS "extend.extendS4", a.extend_s5 AS "extend.extendS5", a.extend_s6 AS "extend.extendS6", a.extend_s7 AS "extend.extendS7", a.extend_s8 AS "extend.extendS8", a.extend_i1 AS "extend.extendI1", a.extend_i2 AS "extend.extendI2", a.extend_i3 AS "extend.extendI3", a.extend_i4 AS "extend.extendI4", a.extend_f1 AS "extend.extendF1", a.extend_f2 AS "extend.extendF2", a.extend_f3 AS "extend.extendF3", a.extend_f4 AS "extend.extendF4", a.extend_d1 AS "extend.extendD1", a.extend_d2 AS "extend.extendD2", a.extend_d3 AS "extend.extendD3", a.extend_d4 AS "extend.extendD4" FROM js_sys_user a WHERE a.`user_code` = #{userCode}
2019-07-22 09:35:01.494 DEBUG 3252 [           main] [o.m.s.t.SpringManagedTransaction       ] - JDBC Connection [com.alibaba.druid.proxy.jdbc.ConnectionProxyImpl@12ebcdf6] will be managed by Spring
2019-07-22 09:35:01.495 DEBUG 3252 [           main] [com.jeesite.modules.sys.dao.UserDao.get] - ==>  Preparing: SELECT a.corp_code AS "corpCode", a.corp_name AS "corpName", a.status AS "status", a.create_by AS "createBy", a.create_date AS "createDate", a.update_by AS "updateBy", a.update_date AS "updateDate", a.remarks AS "remarks", a.user_code AS "userCode", a.login_code AS "loginCode", a.user_name AS "userName", a.password AS "password", a.email AS "email", a.mobile AS "mobile", a.phone AS "phone", a.sex AS "sex", a.avatar AS "avatar", a.sign AS "sign", a.wx_openid AS "wxOpenid", a.mobile_imei AS "mobileImei", a.user_type AS "userType", a.ref_code AS "refCode", a.ref_name AS "refName", a.mgr_type AS "mgrType", a.pwd_security_level AS "pwdSecurityLevel", a.pwd_update_date AS "pwdUpdateDate", a.pwd_update_record AS "pwdUpdateRecord", a.pwd_question AS "pwdQuestion", a.pwd_question_answer AS "pwdQuestionAnswer", a.pwd_question_2 AS "pwdQuestion2", a.pwd_question_answer_2 AS "pwdQuestionAnswer2", a.pwd_question_3 AS "pwdQuestion3", a.pwd_question_answer_3 AS "pwdQuestionAnswer3", a.pwd_quest_update_date AS "pwdQuestUpdateDate", a.last_login_ip AS "lastLoginIp", a.last_login_date AS "lastLoginDate", a.freeze_date AS "freezeDate", a.freeze_cause AS "freezeCause", a.user_weight AS "userWeight", a.extend_s1 AS "extend.extendS1", a.extend_s2 AS "extend.extendS2", a.extend_s3 AS "extend.extendS3", a.extend_s4 AS "extend.extendS4", a.extend_s5 AS "extend.extendS5", a.extend_s6 AS "extend.extendS6", a.extend_s7 AS "extend.extendS7", a.extend_s8 AS "extend.extendS8", a.extend_i1 AS "extend.extendI1", a.extend_i2 AS "extend.extendI2", a.extend_i3 AS "extend.extendI3", a.extend_i4 AS "extend.extendI4", a.extend_f1 AS "extend.extendF1", a.extend_f2 AS "extend.extendF2", a.extend_f3 AS "extend.extendF3", a.extend_f4 AS "extend.extendF4", a.extend_d1 AS "extend.extendD1", a.extend_d2 AS "extend.extendD2", a.extend_d3 AS "extend.extendD3", a.extend_d4 AS "extend.extendD4" FROM js_sys_user a WHERE a.`user_code` = ? 
2019-07-22 09:35:01.496 DEBUG 3252 [           main] [com.jeesite.modules.sys.dao.UserDao.get] - ==> Parameters: system(String)
2019-07-22 09:35:01.518 DEBUG 3252 [           main] [com.jeesite.modules.sys.dao.UserDao.get] - <==      Total: 1
2019-07-22 09:35:01.589 DEBUG 3252 [           main] [c.j.m.s.dao.RoleDao.findListByUserCode ] - ==>  Preparing: SELECT a.corp_code AS "corpCode", a.corp_name AS "corpName", a.status AS "status", a.create_by AS "createBy", a.create_date AS "createDate", a.update_by AS "updateBy", a.update_date AS "updateDate", a.remarks AS "remarks", a.role_code AS "roleCode", a.role_name AS "roleName", a.role_type AS "roleType", a.role_sort AS "roleSort", a.is_sys AS "isSys", a.user_type AS "userType", a.data_scope AS "dataScope" FROM js_sys_role a JOIN js_sys_user_role ur ON a.role_code = ur.role_code WHERE a.status = ? AND ur.user_code = ? ORDER BY a.role_sort ASC 
2019-07-22 09:35:01.590 DEBUG 3252 [           main] [c.j.m.s.dao.RoleDao.findListByUserCode ] - ==> Parameters: 0(String), system(String)
2019-07-22 09:35:01.608 DEBUG 3252 [           main] [c.j.m.s.dao.RoleDao.findListByUserCode ] - <==      Total: 0
2019-07-22 09:35:01.679 DEBUG 3252 [           main] [c.j.c.m.m.provider.UpdateSqlProvider   ] - 263毫秒: UPDATE js_sys_menu SET `status` = #{param1.status}, `update_by` = #{param1.updateBy}, `update_date` = #{param1.updateDate} WHERE status != #{param2.STATUS_DELETE} AND module_codes LIKE #{param2.sqlMap.where#module_codes#LIKE1}
2019-07-22 09:35:01.679 DEBUG 3252 [           main] [c.j.m.s.d.MenuDao.updateStatusByEntity ] - ==>  Preparing: UPDATE js_sys_menu SET `status` = ?, `update_by` = ?, `update_date` = ? WHERE status != ? AND module_codes LIKE ? 
2019-07-22 09:35:01.681 DEBUG 3252 [           main] [c.j.m.s.d.MenuDao.updateStatusByEntity ] - ==> Parameters: 2(String), system(String), 2019-07-22 09:35:01.678(Timestamp), 1(String), %cms%(String)
2019-07-22 09:35:01.717 DEBUG 3252 [           main] [c.j.m.s.d.MenuDao.updateStatusByEntity ] - <==    Updates: 7
2019-07-22 09:35:01.823 DEBUG 3252 [           main] [c.j.c.m.m.provider.UpdateSqlProvider   ] - 3毫秒: UPDATE js_sys_menu SET `status` = #{param1.status}, `update_by` = #{param1.updateBy}, `update_date` = #{param1.updateDate} WHERE status != #{param2.STATUS_DELETE} AND module_codes LIKE #{param2.sqlMap.where#module_codes#LIKE1}
2019-07-22 09:35:01.823 DEBUG 3252 [           main] [o.m.s.t.SpringManagedTransaction       ] - JDBC Connection [com.alibaba.druid.proxy.jdbc.ConnectionProxyImpl@12ebcdf6] will be managed by Spring
2019-07-22 09:35:01.823 DEBUG 3252 [           main] [c.j.m.s.d.MenuDao.updateStatusByEntity ] - ==>  Preparing: UPDATE js_sys_menu SET `status` = ?, `update_by` = ?, `update_date` = ? WHERE status != ? AND module_codes LIKE ? 
2019-07-22 09:35:01.825 DEBUG 3252 [           main] [c.j.m.s.d.MenuDao.updateStatusByEntity ] - ==> Parameters: 0(String), system(String), 2019-07-22 09:35:01.822(Timestamp), 1(String), %core%(String)
2019-07-22 09:35:01.862 DEBUG 3252 [           main] [c.j.m.s.d.MenuDao.updateStatusByEntity ] - <==    Updates: 70
2019-07-22 09:35:03.966 INFO  3252 [           main] [o.s.b.w.embedded.tomcat.TomcatWebServer] - Tomcat started on port(s): 8980 (http) with context path '/js'
2019-07-22 09:35:03.972 INFO  3252 [           main] [com.jeesite.modules.Application        ] - Started Application in 17.318 seconds (JVM running for 18.199)
2019-07-22 09:36:13.841 DEBUG 3252 [nio-8980-exec-1] [c.j.c.m.m.provider.SelectSqlProvider   ] - 0毫秒: SELECT a.id AS "id", a.picid AS "picid", a.skip_url AS "skipUrl", a.create_date AS "createDate", a.update_date AS "updateDate", a.create_by AS "createBy", a.update_by AS "updateBy", a.remarks AS "remarks", a.del_flag AS "delFlag" FROM sys_home_page a WHERE a.del_flag = #{sqlMap.where#del_flag#EQ1} ORDER BY a.update_date DESC
2019-07-22 09:36:13.862 DEBUG 3252 [nio-8980-exec-1] [o.m.s.t.SpringManagedTransaction       ] - JDBC Connection [com.alibaba.druid.proxy.jdbc.ConnectionProxyImpl@12ebcdf6] will not be managed by Spring
2019-07-22 09:36:13.863 DEBUG 3252 [nio-8980-exec-1] [c.j.m.app.dao.HomePageDao.findList     ] - ==>  Preparing: SELECT a.id AS "id", a.picid AS "picid", a.skip_url AS "skipUrl", a.create_date AS "createDate", a.update_date AS "updateDate", a.create_by AS "createBy", a.update_by AS "updateBy", a.remarks AS "remarks", a.del_flag AS "delFlag" FROM sys_home_page a WHERE a.del_flag = ? ORDER BY a.update_date DESC 
2019-07-22 09:36:13.864 DEBUG 3252 [nio-8980-exec-1] [c.j.m.app.dao.HomePageDao.findList     ] - ==> Parameters: 0(String)
2019-07-22 09:36:13.883 DEBUG 3252 [nio-8980-exec-1] [c.j.m.app.dao.HomePageDao.findList     ] - <==      Total: 1
2019-07-22 09:36:16.329 DEBUG 3252 [nio-8980-exec-4] [c.j.c.m.m.provider.SelectSqlProvider   ] - 1毫秒: SELECT a.id AS "id", a.mobile AS "mobile", a.password AS "password", a.icon AS "icon", a.regtime AS "regtime", a.lastlogin AS "lastlogin", a.islock AS "islock", a.isauthentication AS "isauthentication", a.type AS "type", a.create_by AS "createBy", a.create_date AS "createDate", a.update_by AS "updateBy", a.update_date AS "updateDate", a.remarks AS "remarks", a.del_flag AS "delFlag", a.nike_name AS "nikeName", a.is_invite AS "isInvite", a.third_id AS "thirdId", a.third_type AS "thirdType", a.third_icon AS "thirdIcon", a.member_lv AS "memberLv", a.member_flag AS "memberFlag", a.member_start AS "memberStart", a.member_end AS "memberEnd", a.invite_user_id AS "inviteUserId" FROM sys_user_info a WHERE a.`id` = #{id}
2019-07-22 09:36:16.370 DEBUG 3252 [nio-8980-exec-2] [o.m.s.t.SpringManagedTransaction       ] - JDBC Connection [com.alibaba.druid.proxy.jdbc.ConnectionProxyImpl@12ebcdf6] will be managed by Spring
2019-07-22 09:36:16.371 DEBUG 3252 [nio-8980-exec-2] [c.j.m.a.d.A.getAirDrugFirstList        ] - ==>  Preparing: SELECT ad.*,adl.name as lname FROM sys_air_drug ad LEFT JOIN sys_air_drug_relation_label adrl on adrl.drug_id=ad.id LEFT JOIN sys_air_drug_label adl on adrl.drug_label_id=adl.id where ad.first_flag=? and ad.del_flag=0 ORDER BY ad.update_date DESC limit 1 
2019-07-22 09:36:16.371 DEBUG 3252 [nio-8980-exec-2] [c.j.m.a.d.A.getAirDrugFirstList        ] - ==> Parameters: 1(String)
2019-07-22 09:36:16.396 DEBUG 3252 [nio-8980-exec-2] [c.j.m.a.d.A.getAirDrugFirstList        ] - <==      Total: 1
2019-07-22 09:36:16.464 DEBUG 3252 [nio-8980-exec-4] [o.m.s.t.SpringManagedTransaction       ] - JDBC Connection [com.alibaba.druid.proxy.jdbc.ConnectionProxyImpl@12ebcdf6] will not be managed by Spring
2019-07-22 09:36:16.464 DEBUG 3252 [nio-8980-exec-4] [c.j.modules.app.dao.UserInfoDao.get    ] - ==>  Preparing: SELECT a.id AS "id", a.mobile AS "mobile", a.password AS "password", a.icon AS "icon", a.regtime AS "regtime", a.lastlogin AS "lastlogin", a.islock AS "islock", a.isauthentication AS "isauthentication", a.type AS "type", a.create_by AS "createBy", a.create_date AS "createDate", a.update_by AS "updateBy", a.update_date AS "updateDate", a.remarks AS "remarks", a.del_flag AS "delFlag", a.nike_name AS "nikeName", a.is_invite AS "isInvite", a.third_id AS "thirdId", a.third_type AS "thirdType", a.third_icon AS "thirdIcon", a.member_lv AS "memberLv", a.member_flag AS "memberFlag", a.member_start AS "memberStart", a.member_end AS "memberEnd", a.invite_user_id AS "inviteUserId" FROM sys_user_info a WHERE a.`id` = ? 
2019-07-22 09:36:16.465 DEBUG 3252 [nio-8980-exec-4] [c.j.modules.app.dao.UserInfoDao.get    ] - ==> Parameters: 123(String)
2019-07-22 09:36:16.486 DEBUG 3252 [nio-8980-exec-4] [c.j.modules.app.dao.UserInfoDao.get    ] - <==      Total: 1
2019-07-22 09:36:16.513 DEBUG 3252 [nio-8980-exec-2] [o.m.s.t.SpringManagedTransaction       ] - JDBC Connection [com.alibaba.druid.proxy.jdbc.ConnectionProxyImpl@12ebcdf6] will be managed by Spring
2019-07-22 09:36:16.514 DEBUG 3252 [nio-8980-exec-2] [c.j.m.a.d.UserIndexDao.queryDoctorList ] - ==>  Preparing: select u.id as 'id', u.icon as 'icon', d.name as 'name', (select GROUP_CONCAT(content) from sys_doctor_label where del_flag='0' and type='3' and id in (select labelid from sys_doctor_label_item where doctorid=u.id and del_flag='0')) as 'label', case d.technical when 1 then '医师' when 2 then '主治医师' when 3 then '副主任医师' when 4 then '主任医师' else '禁用' end as 'technical', d.introduce as 'introduce' from sys_user_info u left join sys_doctor_info d on u.id = d.doctorid where u.del_flag = '0' and d.del_flag = '0' limit 0,1 
2019-07-22 09:36:16.514 DEBUG 3252 [nio-8980-exec-2] [c.j.m.a.d.UserIndexDao.queryDoctorList ] - ==> Parameters: 
2019-07-22 09:36:16.534 DEBUG 3252 [nio-8980-exec-2] [c.j.m.a.d.UserIndexDao.queryDoctorList ] - <==      Total: 1
2019-07-22 09:36:16.603 DEBUG 3252 [nio-8980-exec-2] [o.m.s.t.SpringManagedTransaction       ] - JDBC Connection [com.alibaba.druid.proxy.jdbc.ConnectionProxyImpl@12ebcdf6] will be managed by Spring
2019-07-22 09:36:16.603 DEBUG 3252 [nio-8980-exec-2] [c.j.m.a.d.UserIndexDao.queryBannerList ] - ==>  Preparing: select * from sys_banner_info where del_flag = '0' order by position asc limit 0,6 
2019-07-22 09:36:16.603 DEBUG 3252 [nio-8980-exec-2] [c.j.m.a.d.UserIndexDao.queryBannerList ] - ==> Parameters: 
2019-07-22 09:36:16.621 DEBUG 3252 [nio-8980-exec-2] [c.j.m.a.d.UserIndexDao.queryBannerList ] - <==      Total: 5
2019-07-22 09:36:18.586 DEBUG 3252 [nio-8980-exec-5] [c.j.c.m.m.provider.SelectSqlProvider   ] - 0毫秒: SELECT a.id AS "id", a.mobile AS "mobile", a.password AS "password", a.icon AS "icon", a.regtime AS "regtime", a.lastlogin AS "lastlogin", a.islock AS "islock", a.isauthentication AS "isauthentication", a.type AS "type", a.create_by AS "createBy", a.create_date AS "createDate", a.update_by AS "updateBy", a.update_date AS "updateDate", a.remarks AS "remarks", a.del_flag AS "delFlag", a.nike_name AS "nikeName", a.is_invite AS "isInvite", a.third_id AS "thirdId", a.third_type AS "thirdType", a.third_icon AS "thirdIcon", a.member_lv AS "memberLv", a.member_flag AS "memberFlag", a.member_start AS "memberStart", a.member_end AS "memberEnd", a.invite_user_id AS "inviteUserId" FROM sys_user_info a WHERE a.`id` = #{id}
2019-07-22 09:36:18.587 DEBUG 3252 [nio-8980-exec-5] [o.m.s.t.SpringManagedTransaction       ] - JDBC Connection [com.alibaba.druid.proxy.jdbc.ConnectionProxyImpl@12ebcdf6] will not be managed by Spring
2019-07-22 09:36:18.587 DEBUG 3252 [nio-8980-exec-5] [c.j.modules.app.dao.UserInfoDao.get    ] - ==>  Preparing: SELECT a.id AS "id", a.mobile AS "mobile", a.password AS "password", a.icon AS "icon", a.regtime AS "regtime", a.lastlogin AS "lastlogin", a.islock AS "islock", a.isauthentication AS "isauthentication", a.type AS "type", a.create_by AS "createBy", a.create_date AS "createDate", a.update_by AS "updateBy", a.update_date AS "updateDate", a.remarks AS "remarks", a.del_flag AS "delFlag", a.nike_name AS "nikeName", a.is_invite AS "isInvite", a.third_id AS "thirdId", a.third_type AS "thirdType", a.third_icon AS "thirdIcon", a.member_lv AS "memberLv", a.member_flag AS "memberFlag", a.member_start AS "memberStart", a.member_end AS "memberEnd", a.invite_user_id AS "inviteUserId" FROM sys_user_info a WHERE a.`id` = ? 
2019-07-22 09:36:18.588 DEBUG 3252 [nio-8980-exec-5] [c.j.modules.app.dao.UserInfoDao.get    ] - ==> Parameters: 123(String)
2019-07-22 09:36:18.607 DEBUG 3252 [nio-8980-exec-5] [c.j.modules.app.dao.UserInfoDao.get    ] - <==      Total: 1
